<?xml version="1.0" encoding="UTF-8"?>
<coverage generated="1618348835616" clover="3.2.0">
  <project timestamp="1618348835616" name="All files">
    <metrics statements="8" coveredstatements="8" conditionals="10" coveredconditionals="9" methods="2" coveredmethods="2" elements="20" coveredelements="19" complexity="0" loc="8" ncloc="8" packages="1" files="1" classes="1"/>
    <file name="triangle.js" path="C:\Users\hubba\desktop\shapeTracker\src\triangle.js">
      <metrics statements="8" coveredstatements="8" conditionals="10" coveredconditionals="9" methods="2" coveredmethods="2"/>
      <line num="3" count="3" type="stmt"/>
      <line num="4" count="3" type="stmt"/>
      <line num="5" count="3" type="stmt"/>
      <line num="9" count="1" type="stmt"/>
      <line num="10" count="2" type="cond" truecount="5" falsecount="0"/>
      <line num="11" count="1" type="stmt"/>
      <line num="12" count="1" type="cond" truecount="4" falsecount="1"/>
      <line num="13" count="1" type="stmt"/>
    </file>
  </project>
</coverage>
