{"C:\\Users\\hubba\\desktop\\shapeTracker\\src\\triangle.js": {"path":"C:\\Users\\hubba\\desktop\\shapeTracker\\src\\triangle.js","statementMap":{"0":{"start":{"line":3,"column":2},"end":{"line":3,"column":21}},"1":{"start":{"line":4,"column":2},"end":{"line":4,"column":21}},"2":{"start":{"line":5,"column":2},"end":{"line":5,"column":21}},"3":{"start":{"line":9,"column":0},"end":{"line":15,"column":2}},"4":{"start":{"line":10,"column":2},"end":{"line":14,"column":3}},"5":{"start":{"line":11,"column":4},"end":{"line":11,"column":28}},"6":{"start":{"line":12,"column":9},"end":{"line":14,"column":3}},"7":{"start":{"line":13,"column":4},"end":{"line":13,"column":30}}},"fnMap":{"0":{"name":"Triangle","decl":{"start":{"line":2,"column":24},"end":{"line":2,"column":32}},"loc":{"start":{"line":2,"column":54},"end":{"line":6,"column":1}},"line":2},"1":{"name":"(anonymous_1)","decl":{"start":{"line":9,"column":31},"end":{"line":9,"column":32}},"loc":{"start":{"line":9,"column":43},"end":{"line":15,"column":1}},"line":9}},"branchMap":{"0":{"loc":{"start":{"line":10,"column":2},"end":{"line":14,"column":3}},"type":"if","locations":[{"start":{"line":10,"column":2},"end":{"line":14,"column":3}},{"start":{"line":10,"column":2},"end":{"line":14,"column":3}}],"line":10},"1":{"loc":{"start":{"line":10,"column":6},"end":{"line":10,"column":134}},"type":"binary-expr","locations":[{"start":{"line":10,"column":7},"end":{"line":10,"column":45}},{"start":{"line":10,"column":51},"end":{"line":10,"column":89}},{"start":{"line":10,"column":95},"end":{"line":10,"column":133}}],"line":10},"2":{"loc":{"start":{"line":12,"column":9},"end":{"line":14,"column":3}},"type":"if","locations":[{"start":{"line":12,"column":9},"end":{"line":14,"column":3}},{"start":{"line":12,"column":9},"end":{"line":14,"column":3}}],"line":12},"3":{"loc":{"start":{"line":12,"column":13},"end":{"line":12,"column":106}},"type":"binary-expr","locations":[{"start":{"line":12,"column":14},"end":{"line":12,"column":39}},{"start":{"line":12,"column":46},"end":{"line":12,"column":71}},{"start":{"line":12,"column":79},"end":{"line":12,"column":104}}],"line":12}},"s":{"0":3,"1":3,"2":3,"3":1,"4":2,"5":1,"6":1,"7":1},"f":{"0":3,"1":2},"b":{"0":[1,1],"1":[2,2,2],"2":[1,0],"3":[1,1,1]},"_coverageSchema":"43e27e138ebf9cfc5966b082cf9a028302ed4184","hash":"1237170ffe8d76df11239cb8ce5427c40b8d3cc1"}
}
